0 info it worked if it ends with ok
1 verbose cli [ '/usr/local/bin/node',
1 verbose cli   '/usr/local/bin/npm',
1 verbose cli   'install',
1 verbose cli   'node-dht-sensor',
1 verbose cli   '--save' ]
2 info using npm@2.5.1
3 info using node@v0.12.1
4 warn package.json IoTClient@1.0.0 No repository field.
5 warn package.json IoTClient@1.0.0 No README data
6 silly cache add args [ 'node-dht-sensor', null ]
7 verbose cache add spec node-dht-sensor
8 silly cache add parsed spec { raw: 'node-dht-sensor',
8 silly cache add   scope: null,
8 silly cache add   name: 'node-dht-sensor',
8 silly cache add   rawSpec: '',
8 silly cache add   spec: '*',
8 silly cache add   type: 'range' }
9 verbose addNamed node-dht-sensor@*
10 silly addNamed semver.valid null
11 silly addNamed semver.validRange *
12 silly addNameRange { name: 'node-dht-sensor', range: '*', hasData: false }
13 silly mapToRegistry name node-dht-sensor
14 silly mapToRegistry using default registry
15 silly mapToRegistry registry https://registry.npmjs.org/
16 silly mapToRegistry uri https://registry.npmjs.org/node-dht-sensor
17 verbose addNameRange registry:https://registry.npmjs.org/node-dht-sensor not in flight; fetching
18 verbose request uri https://registry.npmjs.org/node-dht-sensor
19 verbose request no auth needed
20 info attempt registry request try #1 at 19:17:05
21 verbose request id 14962e22578a9042
22 verbose etag "B7YPB0FKNLKETDYQX2WQ50DG0"
23 http request GET https://registry.npmjs.org/node-dht-sensor
24 http 304 https://registry.npmjs.org/node-dht-sensor
25 silly get cb [ 304,
25 silly get   { date: 'Tue, 07 Apr 2015 19:17:05 GMT',
25 silly get     server: 'Apache',
25 silly get     via: '1.1 varnish',
25 silly get     'last-modified': 'Tue, 07 Apr 2015 19:17:06 GMT',
25 silly get     'cache-control': 'max-age=60',
25 silly get     etag: '"B7YPB0FKNLKETDYQX2WQ50DG0"',
25 silly get     age: '0',
25 silly get     'x-served-by': 'cache-ams4128-AMS',
25 silly get     'x-cache': 'HIT',
25 silly get     'x-cache-hits': '1',
25 silly get     'x-timer': 'S1428434225.500559,VS0,VE651',
25 silly get     vary: 'Accept',
25 silly get     'content-length': '0',
25 silly get     'keep-alive': 'timeout=10, max=50',
25 silly get     connection: 'Keep-Alive' } ]
26 verbose etag https://registry.npmjs.org/node-dht-sensor from cache
27 verbose get saving node-dht-sensor to /root/.npm/registry.npmjs.org/node-dht-sensor/.cache.json
28 silly addNameRange number 2 { name: 'node-dht-sensor', range: '*', hasData: true }
29 silly addNameRange versions [ 'node-dht-sensor',
29 silly addNameRange   [ '0.0.1', '0.0.2', '0.0.3', '0.0.4', '0.0.5', '0.0.6', '0.0.7' ] ]
30 verbose addNamed node-dht-sensor@0.0.7
31 silly addNamed semver.valid 0.0.7
32 silly addNamed semver.validRange 0.0.7
33 silly cache afterAdd node-dht-sensor@0.0.7
34 verbose afterAdd /root/.npm/node-dht-sensor/0.0.7/package/package.json not in flight; writing
35 verbose afterAdd /root/.npm/node-dht-sensor/0.0.7/package/package.json written
36 silly install resolved [ { author: { name: 'David Momenso' },
36 silly install resolved     name: 'node-dht-sensor',
36 silly install resolved     description: 'Read data from DHT sensors on Raspberry Pi',
36 silly install resolved     version: '0.0.7',
36 silly install resolved     repository: { url: 'https://github.com/momenso/node-dht-sensor' },
36 silly install resolved     main: './build/Release/node-dht-sensor',
36 silly install resolved     dependencies: {},
36 silly install resolved     engines: { node: '>=0.12 <0.13' },
36 silly install resolved     license: 'LGPL',
36 silly install resolved     scripts: { install: 'node-gyp rebuild' },
36 silly install resolved     gypfile: true,
36 silly install resolved     gitHead: '01f52b7eb4acb024e6c0592dfcf6e0092c0dce42',
36 silly install resolved     bugs: { url: 'https://github.com/momenso/node-dht-sensor/issues' },
36 silly install resolved     homepage: 'https://github.com/momenso/node-dht-sensor',
36 silly install resolved     _id: 'node-dht-sensor@0.0.7',
36 silly install resolved     _shasum: '5646264968973e15fb650fa2444d151299834367',
36 silly install resolved     _from: 'node-dht-sensor@*',
36 silly install resolved     _npmVersion: '2.5.1',
36 silly install resolved     _nodeVersion: '0.12.0',
36 silly install resolved     _npmUser: { name: 'momenso', email: 'momenso@gmail.com' },
36 silly install resolved     maintainers: [ [Object] ],
36 silly install resolved     dist:
36 silly install resolved      { shasum: '5646264968973e15fb650fa2444d151299834367',
36 silly install resolved        tarball: 'http://registry.npmjs.org/node-dht-sensor/-/node-dht-sensor-0.0.7.tgz' },
36 silly install resolved     directories: {},
36 silly install resolved     _resolved: 'https://registry.npmjs.org/node-dht-sensor/-/node-dht-sensor-0.0.7.tgz',
36 silly install resolved     readme: 'ERROR: No README data found!' } ]
37 info install node-dht-sensor@0.0.7 into /home/pi/iotclnt
38 info installOne node-dht-sensor@0.0.7
39 verbose installOne of node-dht-sensor to /home/pi/iotclnt not in flight; installing
40 verbose lock using /root/.npm/_locks/node-dht-sensor-4cd00fecadec2b49.lock for /home/pi/iotclnt/node_modules/node-dht-sensor
41 silly install write writing node-dht-sensor 0.0.7 to /home/pi/iotclnt/node_modules/node-dht-sensor
42 silly cache addNamed cb node-dht-sensor@0.0.7
43 verbose unbuild node_modules/node-dht-sensor
44 verbose gentlyRm vacuuming /home/pi/iotclnt/node_modules/node-dht-sensor
45 verbose tar unpack /root/.npm/node-dht-sensor/0.0.7/package.tgz
46 verbose tar unpacking to /home/pi/iotclnt/node_modules/node-dht-sensor
47 verbose gentlyRm vacuuming /home/pi/iotclnt/node_modules/node-dht-sensor
48 silly gunzTarPerm modes [ '755', '644' ]
49 silly gunzTarPerm extractEntry package.json
50 silly gunzTarPerm extractEntry .npmignore
51 silly gunzTarPerm extractEntry README.md
52 silly gunzTarPerm extractEntry LICENSE
53 silly gunzTarPerm extractEntry test-spec.js
54 silly gunzTarPerm extractEntry test.js
55 silly gunzTarPerm extractEntry binding.gyp
56 silly gunzTarPerm extractEntry node-dht-sensor.cpp
57 info preinstall node-dht-sensor@0.0.7
58 silly install resolved []
59 verbose about to build /home/pi/iotclnt/node_modules/node-dht-sensor
60 info build /home/pi/iotclnt/node_modules/node-dht-sensor
61 verbose linkStuff [ false, false, false, '/home/pi/iotclnt/node_modules' ]
62 info linkStuff node-dht-sensor@0.0.7
63 verbose linkBins node-dht-sensor@0.0.7
64 verbose linkMans node-dht-sensor@0.0.7
65 verbose rebuildBundles node-dht-sensor@0.0.7
66 info install node-dht-sensor@0.0.7
67 verbose unsafe-perm in lifecycle false
68 info node-dht-sensor@0.0.7 Failed to exec install script
69 verbose unlock done using /root/.npm/_locks/node-dht-sensor-4cd00fecadec2b49.lock for /home/pi/iotclnt/node_modules/node-dht-sensor
70 verbose stack Error: node-dht-sensor@0.0.7 install: `node-gyp rebuild`
70 verbose stack Exit status 1
70 verbose stack     at EventEmitter.<anonymous> (/usr/local/lib/node_modules/npm/lib/utils/lifecycle.js:213:16)
70 verbose stack     at EventEmitter.emit (events.js:110:17)
70 verbose stack     at ChildProcess.<anonymous> (/usr/local/lib/node_modules/npm/lib/utils/spawn.js:14:12)
70 verbose stack     at ChildProcess.emit (events.js:110:17)
70 verbose stack     at maybeClose (child_process.js:1008:16)
70 verbose stack     at Process.ChildProcess._handle.onexit (child_process.js:1080:5)
71 verbose pkgid node-dht-sensor@0.0.7
72 verbose cwd /home/pi/iotclnt
73 error Linux 3.18.7-v7+
74 error argv "/usr/local/bin/node" "/usr/local/bin/npm" "install" "node-dht-sensor" "--save"
75 error node v0.12.1
76 error npm  v2.5.1
77 error code ELIFECYCLE
78 error node-dht-sensor@0.0.7 install: `node-gyp rebuild`
78 error Exit status 1
79 error Failed at the node-dht-sensor@0.0.7 install script 'node-gyp rebuild'.
79 error This is most likely a problem with the node-dht-sensor package,
79 error not with npm itself.
79 error Tell the author that this fails on your system:
79 error     node-gyp rebuild
79 error You can get their info via:
79 error     npm owner ls node-dht-sensor
79 error There is likely additional logging output above.
80 verbose exit [ 1, true ]
81 verbose unbuild node_modules/node-dht-sensor
82 info preuninstall node-dht-sensor@0.0.7
83 info uninstall node-dht-sensor@0.0.7
84 verbose unbuild rmStuff node-dht-sensor@0.0.7 from /home/pi/iotclnt/node_modules
85 info postuninstall node-dht-sensor@0.0.7
86 verbose gentlyRm vacuuming /home/pi/iotclnt/node_modules/node-dht-sensor
87 silly gentlyRm purging /home/pi/iotclnt/node_modules/node-dht-sensor
88 silly gentlyRm quitting because other entries in /home/pi/iotclnt/node_modules
